mode: set
gcskv/gcs.go:18.60,21.19 3 1
gcskv/gcs.go:24.2,28.8 1 1
gcskv/gcs.go:21.19,23.3 1 0
gcskv/gcs.go:31.55,35.16 4 1
gcskv/gcs.go:38.2,41.34 4 1
gcskv/gcs.go:44.2,44.17 1 1
gcskv/gcs.go:35.16,37.3 1 1
gcskv/gcs.go:41.34,43.3 1 0
gcskv/gcs.go:47.59,53.24 6 1
gcskv/gcs.go:56.2,56.12 1 1
gcskv/gcs.go:53.24,55.3 1 0
gcskv/gcs.go:59.45,63.2 3 1
gcskv/gcs.go:65.43,70.6 5 1
gcskv/gcs.go:80.2,80.19 1 1
gcskv/gcs.go:70.6,72.27 2 1
gcskv/gcs.go:75.3,75.17 1 1
gcskv/gcs.go:78.3,78.10 1 1
gcskv/gcs.go:72.27,73.9 1 1
gcskv/gcs.go:75.17,77.4 1 0
gcskv/gcs.go:83.79,92.6 6 1
gcskv/gcs.go:103.2,103.19 1 1
gcskv/gcs.go:92.6,94.27 2 1
gcskv/gcs.go:97.3,97.17 1 1
gcskv/gcs.go:100.3,101.30 2 1
gcskv/gcs.go:94.27,95.9 1 1
gcskv/gcs.go:97.17,99.4 1 0
gcskv/gcs.go:106.37,110.6 4 1
gcskv/gcs.go:123.2,123.12 1 1
gcskv/gcs.go:110.6,112.27 2 1
gcskv/gcs.go:115.3,115.17 1 1
gcskv/gcs.go:118.3,119.17 2 1
gcskv/gcs.go:112.27,113.9 1 1
gcskv/gcs.go:115.17,117.4 1 0
gcskv/gcs.go:119.17,121.4 1 0
